Sur la branche master
Votre branche et 'origin/master' ont divergé,
et ont 2 et 1 commit différent chacune respectivement.
  (utilisez "git pull" pour fusionner la branche distante dans la vôtre)
Modifications qui seront validées :
  (utilisez "git reset HEAD <fichier>..." pour désindexer)

	modifié :         .gitignore
	modifié :         tools/include/xen-foreign/arm32.h
	modifié :         tools/include/xen-foreign/arm64.h
	modifié :         tools/include/xen-foreign/checker
	modifié :         tools/include/xen-foreign/reference.size
	modifié :         tools/include/xen-foreign/x86_32.h
	modifié :         tools/include/xen-foreign/x86_64.h
	modifié :         xen/common/grant_table.c
	modifié :         xen/common/schedule.c
	modifié :         xen/include/compat/xen.h
	modifié :         xen/include/public/grant_table.h
	modifié :         xen/include/public/xen.h
	modifié :         xen/include/xen/hypercall.h
	nouveau fichier : xen/include/xen/mctop.h
	modifié :         xen/include/xen/sched.h

Modifications qui ne seront pas validées :
  (utilisez "git add/rm <fichier>..." pour mettre à jour ce qui sera validé)
  (utilisez "git checkout -- <fichier>..." pour annuler les modifications dans la copie de travail)

	modifié :         .gitignore
	modifié :         config.log
	modifié :         stubdom/config.log
	modifié :         tools/config.log
	supprimé :        tools/include/xen-foreign/tmp.size
	modifié :         tools/qemu-xen-dir/config.log
	modifié :         xen/arch/x86/asm-offsets.s
	modifié :         xen/arch/x86/efi/check.efi
	modifié :         xen/include/headers++.chk
	modifié :         xen/include/headers.chk
	modifié :         xen/include/xen/compile.h
	modifié :         xen/xen
	modifié :         xen/xen-syms
	modifié :         xen/xen.efi
	modifié :         xen/xen.gz

Fichiers non suivis:
  (utilisez "git add <fichier>..." pour inclure dans ce qui sera validé)

	status.log
	stubdom/cross-root-i686/
	stubdom/cross-root-x86_64/
	stubdom/grub-x86_32-minios-config.mk
	stubdom/grub-x86_32/
	stubdom/grub-x86_64-minios-config.mk
	stubdom/grub-x86_64/
	stubdom/include/
	stubdom/ioemu-minios-config.mk
	stubdom/ioemu/
	stubdom/libs-x86_32/
	stubdom/libs-x86_64/
	stubdom/libxc-x86_32/
	stubdom/libxc-x86_64/
	stubdom/mini-os-x86_32-grub/
	stubdom/mini-os-x86_64-grub/
	stubdom/mini-os-x86_64-ioemu/
	stubdom/mini-os-x86_64-xenstore/
	stubdom/mk-headers-x86_32
	stubdom/mk-headers-x86_64
	stubdom/newlib-x86_32/
	stubdom/newlib-x86_64/
	stubdom/pciutils-x86_32/
	stubdom/pciutils-x86_64/
	stubdom/polarssl-x86_32/
	stubdom/polarssl-x86_64/
	stubdom/stubdompath.sh
	stubdom/xenstore-minios-config.mk
	stubdom/xenstore/
	stubdom/zlib-x86_32/
	stubdom/zlib-x86_64/
	tools/blktap2/control/libblktapctl.a
	tools/blktap2/control/libblktapctl.so.1.0
	tools/blktap2/control/libblktapctl.so.1.0.0
	tools/blktap2/control/tap-ctl
	tools/blktap2/control/tap-ctl-allocate.opic
	tools/blktap2/control/tap-ctl-attach.opic
	tools/blktap2/control/tap-ctl-check.opic
	tools/blktap2/control/tap-ctl-close.opic
	tools/blktap2/control/tap-ctl-create.opic
	tools/blktap2/control/tap-ctl-destroy.opic
	tools/blktap2/control/tap-ctl-detach.opic
	tools/blktap2/control/tap-ctl-free.opic
	tools/blktap2/control/tap-ctl-ipc.opic
	tools/blktap2/control/tap-ctl-list.opic
	tools/blktap2/control/tap-ctl-major.opic
	tools/blktap2/control/tap-ctl-open.opic
	tools/blktap2/control/tap-ctl-pause.opic
	tools/blktap2/control/tap-ctl-spawn.opic
	tools/blktap2/control/tap-ctl-unpause.opic
	tools/blktap2/drivers/img2qcow
	tools/blktap2/drivers/lock-util
	tools/blktap2/drivers/qcow-create
	tools/blktap2/drivers/qcow2raw
	tools/blktap2/drivers/tapdisk-client
	tools/blktap2/drivers/tapdisk-diff
	tools/blktap2/drivers/tapdisk-stream
	tools/blktap2/drivers/tapdisk2
	tools/blktap2/drivers/td-util
	tools/blktap2/lvm/lvm-util.opic
	tools/blktap2/vhd/lib/atomicio.opic
	tools/blktap2/vhd/lib/libvhd-journal.opic
	tools/blktap2/vhd/lib/libvhd.a
	tools/blktap2/vhd/lib/libvhd.opic
	tools/blktap2/vhd/lib/libvhd.so.1.0
	tools/blktap2/vhd/lib/libvhd.so.1.0.0
	tools/blktap2/vhd/lib/relative-path.opic
	tools/blktap2/vhd/lib/vhd-util-check.opic
	tools/blktap2/vhd/lib/vhd-util-coalesce.opic
	tools/blktap2/vhd/lib/vhd-util-create.opic
	tools/blktap2/vhd/lib/vhd-util-fill.opic
	tools/blktap2/vhd/lib/vhd-util-modify.opic
	tools/blktap2/vhd/lib/vhd-util-query.opic
	tools/blktap2/vhd/lib/vhd-util-read.opic
	tools/blktap2/vhd/lib/vhd-util-repair.opic
	tools/blktap2/vhd/lib/vhd-util-resize.opic
	tools/blktap2/vhd/lib/vhd-util-revert.opic
	tools/blktap2/vhd/lib/vhd-util-scan.opic
	tools/blktap2/vhd/lib/vhd-util-set-field.opic
	tools/blktap2/vhd/lib/vhd-util-snapshot.opic
	tools/blktap2/vhd/lib/vhd-util-uuid.opic
	tools/blktap2/vhd/vhd-update
	tools/blktap2/vhd/vhd-util
	tools/console/client/_paths.h
	tools/console/daemon/_paths.h
	tools/console/xenconsole
	tools/console/xenconsoled
	tools/debugger/gdbsx/gdbsx
	tools/debugger/gdbsx/gx/gx_all.a
	tools/debugger/gdbsx/xg/xg_all.a
	tools/debugger/kdd/kdd
	tools/firmware/etherboot/ipxe/
	tools/firmware/hvmloader/dsdt_15cpu.asl
	tools/firmware/hvmloader/dsdt_15cpu.c
	tools/firmware/hvmloader/dsdt_anycpu.asl
	tools/firmware/hvmloader/dsdt_anycpu.c
	tools/firmware/hvmloader/dsdt_anycpu_qemu_xen.asl
	tools/firmware/hvmloader/dsdt_anycpu_qemu_xen.c
	tools/firmware/hvmloader/hvmloader
	tools/firmware/hvmloader/mk_dsdt
	tools/firmware/hvmloader/roms.inc
	tools/firmware/hvmloader/ssdt_pm.h
	tools/firmware/hvmloader/ssdt_s3.h
	tools/firmware/hvmloader/ssdt_s4.h
	tools/firmware/hvmloader/ssdt_tpm.h
	tools/firmware/rombios/32bit/32bitbios_flat.h
	tools/firmware/rombios/BIOS-bochs-latest
	tools/firmware/rombios/_rombios_.c
	tools/firmware/rombios/biossums
	tools/firmware/rombios/rombios.s
	tools/firmware/rombios/rombios.txt
	tools/firmware/vgabios/VGABIOS-lgpl-latest.bin
	tools/firmware/vgabios/VGABIOS-lgpl-latest.cirrus.bin
	tools/firmware/vgabios/VGABIOS-lgpl-latest.cirrus.debug.bin
	tools/firmware/vgabios/VGABIOS-lgpl-latest.debug.bin
	tools/firmware/vgabios/biossums
	tools/firmware/vgabios/vbetables-gen
	tools/firmware/vgabios/vbetables.h
	tools/firmware/vgabios/vgabios-cirrus.bin
	tools/firmware/vgabios/vgabios-cirrus.debug.bin
	tools/firmware/vgabios/vgabios-cirrus.debug.txt
	tools/firmware/vgabios/vgabios-cirrus.txt
	tools/firmware/vgabios/vgabios.bin
	tools/firmware/vgabios/vgabios.debug.bin
	tools/firmware/vgabios/vgabios.debug.txt
	tools/firmware/vgabios/vgabios.txt
	tools/flask/utils/flask-get-bool
	tools/flask/utils/flask-getenforce
	tools/flask/utils/flask-label-pci
	tools/flask/utils/flask-loadpolicy
	tools/flask/utils/flask-set-bool
	tools/flask/utils/flask-setenforce
	tools/helpers/_paths.h
	tools/helpers/init-xenstore-domain
	tools/helpers/xen-init-dom0
	tools/hotplug/common/hotplugpath.sh
	tools/include/acpi
	tools/include/xen-foreign/reference.size.bkp
	tools/include/xen-xsm/
	tools/include/xen/
	tools/libfsimage/common/fsimage.opic
	tools/libfsimage/common/fsimage_grub.opic
	tools/libfsimage/common/fsimage_plugin.opic
	tools/libfsimage/common/libfsimage.so.1.0
	tools/libfsimage/common/libfsimage.so.1.0.0
	tools/libfsimage/ext2fs-lib/ext2fs-lib.opic
	tools/libfsimage/fat/fsys_fat.opic
	tools/libfsimage/iso9660/fsys_iso9660.opic
	tools/libfsimage/reiserfs/fsys_reiserfs.opic
	tools/libfsimage/ufs/fsys_ufs.opic
	tools/libfsimage/xfs/fsys_xfs.opic
	tools/libfsimage/zfs/fsi_zfs.opic
	tools/libfsimage/zfs/fsys_zfs.opic
	tools/libfsimage/zfs/zfs_fletcher.opic
	tools/libfsimage/zfs/zfs_lzjb.opic
	tools/libfsimage/zfs/zfs_sha256.opic
	tools/libs/call/buffer.opic
	tools/libs/call/core.opic
	tools/libs/call/headers.chk
	tools/libs/call/libxencall.a
	tools/libs/call/libxencall.so.1
	tools/libs/call/libxencall.so.1.0
	tools/libs/call/linux.opic
	tools/libs/evtchn/core.opic
	tools/libs/evtchn/headers.chk
	tools/libs/evtchn/libxenevtchn.a
	tools/libs/evtchn/libxenevtchn.so.1
	tools/libs/evtchn/libxenevtchn.so.1.0
	tools/libs/evtchn/linux.opic
	tools/libs/foreignmemory/core.opic
	tools/libs/foreignmemory/headers.chk
	tools/libs/foreignmemory/libxenforeignmemory.a
	tools/libs/foreignmemory/libxenforeignmemory.so.1
	tools/libs/foreignmemory/libxenforeignmemory.so.1.0
	tools/libs/foreignmemory/linux.opic
	tools/libs/gnttab/gntshr_core.opic
	tools/libs/gnttab/gnttab_core.opic
	tools/libs/gnttab/headers.chk
	tools/libs/gnttab/libxengnttab.a
	tools/libs/gnttab/libxengnttab.so.1
	tools/libs/gnttab/libxengnttab.so.1.1
	tools/libs/gnttab/linux.opic
	tools/libs/toollog/headers.chk
	tools/libs/toollog/libxentoollog.a
	tools/libs/toollog/libxentoollog.so.1
	tools/libs/toollog/libxentoollog.so.1.0
	tools/libs/toollog/xtl_core.opic
	tools/libs/toollog/xtl_logger_stdio.opic
	tools/libvchan/init.opic
	tools/libvchan/io.opic
	tools/libvchan/libxenvchan.a
	tools/libvchan/libxenvchan.so.4.8
	tools/libvchan/libxenvchan.so.4.8.0
	tools/libvchan/vchan-node1
	tools/libvchan/vchan-node2
	tools/libxc/_paths.h
	tools/libxc/libelf-dominfo.opic
	tools/libxc/libelf-loader.opic
	tools/libxc/libelf-tools.opic
	tools/libxc/libxenctrl.a
	tools/libxc/libxenctrl.so.4.8
	tools/libxc/libxenctrl.so.4.8.0
	tools/libxc/libxenguest.a
	tools/libxc/libxenguest.so.4.8
	tools/libxc/libxenguest.so.4.8.0
	tools/libxc/xc_altp2m.opic
	tools/libxc/xc_arinc653.opic
	tools/libxc/xc_compression.opic
	tools/libxc/xc_core.opic
	tools/libxc/xc_core_x86.opic
	tools/libxc/xc_cpu_hotplug.opic
	tools/libxc/xc_cpuid_x86.opic
	tools/libxc/xc_cpupool.opic
	tools/libxc/xc_csched.opic
	tools/libxc/xc_csched2.opic
	tools/libxc/xc_dom_binloader.opic
	tools/libxc/xc_dom_boot.opic
	tools/libxc/xc_dom_bzimageloader.opic
	tools/libxc/xc_dom_compat_linux.opic
	tools/libxc/xc_dom_core.opic
	tools/libxc/xc_dom_decompress_lz4.opic
	tools/libxc/xc_dom_elfloader.opic
	tools/libxc/xc_dom_hvmloader.opic
	tools/libxc/xc_dom_x86.opic
	tools/libxc/xc_domain.opic
	tools/libxc/xc_evtchn.opic
	tools/libxc/xc_evtchn_compat.opic
	tools/libxc/xc_flask.opic
	tools/libxc/xc_foreign_memory.opic
	tools/libxc/xc_gnttab.opic
	tools/libxc/xc_gnttab_compat.opic
	tools/libxc/xc_hcall_buf.opic
	tools/libxc/xc_kexec.opic
	tools/libxc/xc_linux.opic
	tools/libxc/xc_mem_access.opic
	tools/libxc/xc_mem_paging.opic
	tools/libxc/xc_memshr.opic
	tools/libxc/xc_misc.opic
	tools/libxc/xc_monitor.opic
	tools/libxc/xc_offline_page.opic
	tools/libxc/xc_pagetab.opic
	tools/libxc/xc_physdev.opic
	tools/libxc/xc_pm.opic
	tools/libxc/xc_private.opic
	tools/libxc/xc_psr.opic
	tools/libxc/xc_resource.opic
	tools/libxc/xc_resume.opic
	tools/libxc/xc_rt.opic
	tools/libxc/xc_sr_common.opic
	tools/libxc/xc_sr_common_x86.opic
	tools/libxc/xc_sr_common_x86_pv.opic
	tools/libxc/xc_sr_restore.opic
	tools/libxc/xc_sr_restore_x86_hvm.opic
	tools/libxc/xc_sr_restore_x86_pv.opic
	tools/libxc/xc_sr_save.opic
	tools/libxc/xc_sr_save_x86_hvm.opic
	tools/libxc/xc_sr_save_x86_pv.opic
	tools/libxc/xc_suspend.opic
	tools/libxc/xc_tbuf.opic
	tools/libxc/xc_tmem.opic
	tools/libxc/xc_vm_event.opic
	tools/libxc/xg_private.opic
	tools/libxl/_libxl.api-for-check
	tools/libxl/_libxl_list.h
	tools/libxl/_libxl_save_msgs_callout.c
	tools/libxl/_libxl_save_msgs_callout.h
	tools/libxl/_libxl_save_msgs_helper.c
	tools/libxl/_libxl_save_msgs_helper.h
	tools/libxl/_libxl_types.c
	tools/libxl/_libxl_types.h
	tools/libxl/_libxl_types_internal.c
	tools/libxl/_libxl_types_internal.h
	tools/libxl/_libxl_types_internal_json.h
	tools/libxl/_libxl_types_internal_private.h
	tools/libxl/_libxl_types_json.h
	tools/libxl/_libxl_types_private.h
	tools/libxl/_paths.h
	tools/libxl/dsdt_pvh.asl
	tools/libxl/dsdt_pvh.c
	tools/libxl/libxenlight.a
	tools/libxl/libxenlight.so.4.8
	tools/libxl/libxenlight.so.4.8.0
	tools/libxl/libxl-save-helper
	tools/libxl/libxl.api-ok
	tools/libxl/libxlutil.a
	tools/libxl/libxlutil.so.4.8
	tools/libxl/libxlutil.so.4.8.0
	tools/libxl/mk_dsdt
	tools/libxl/ssdt_pm.h
	tools/libxl/ssdt_s3.h
	tools/libxl/ssdt_s4.h
	tools/libxl/ssdt_tpm.h
	tools/libxl/testidl
	tools/libxl/testidl.c
	tools/libxl/xenlight.pc
	tools/libxl/xl
	tools/libxl/xlutil.pc
	tools/memshr/libmemshr.a
	tools/misc/xen-cpuid
	tools/misc/xen-detect
	tools/misc/xen-hptool
	tools/misc/xen-hvmcrash
	tools/misc/xen-hvmctx
	tools/misc/xen-livepatch
	tools/misc/xen-lowmemd
	tools/misc/xen-mfndump
	tools/misc/xen-tmem-list-parse
	tools/misc/xencov
	tools/misc/xenlockprof
	tools/misc/xenperf
	tools/misc/xenpm
	tools/misc/xenwatchdogd
	tools/ocaml/libs/eventchn/.ocamldep.make
	tools/ocaml/libs/eventchn/META
	tools/ocaml/libs/eventchn/libxeneventchn_stubs.a
	tools/ocaml/libs/eventchn/xeneventchn.a
	tools/ocaml/libs/eventchn/xeneventchn.annot
	tools/ocaml/libs/eventchn/xeneventchn.cma
	tools/ocaml/libs/eventchn/xeneventchn.cmi
	tools/ocaml/libs/eventchn/xeneventchn.cmo
	tools/ocaml/libs/eventchn/xeneventchn.cmx
	tools/ocaml/libs/eventchn/xeneventchn.cmxa
	tools/ocaml/libs/mmap/.ocamldep.make
	tools/ocaml/libs/mmap/META
	tools/ocaml/libs/mmap/libxenmmap_stubs.a
	tools/ocaml/libs/mmap/xenmmap.a
	tools/ocaml/libs/mmap/xenmmap.annot
	tools/ocaml/libs/mmap/xenmmap.cma
	tools/ocaml/libs/mmap/xenmmap.cmi
	tools/ocaml/libs/mmap/xenmmap.cmo
	tools/ocaml/libs/mmap/xenmmap.cmx
	tools/ocaml/libs/mmap/xenmmap.cmxa
	tools/ocaml/libs/xb/.ocamldep.make
	tools/ocaml/libs/xb/META
	tools/ocaml/libs/xb/libxenbus_stubs.a
	tools/ocaml/libs/xb/op.annot
	tools/ocaml/libs/xb/op.cmi
	tools/ocaml/libs/xb/op.cmo
	tools/ocaml/libs/xb/op.cmx
	tools/ocaml/libs/xb/packet.annot
	tools/ocaml/libs/xb/packet.cmi
	tools/ocaml/libs/xb/packet.cmo
	tools/ocaml/libs/xb/packet.cmx
	tools/ocaml/libs/xb/partial.annot
	tools/ocaml/libs/xb/partial.cmi
	tools/ocaml/libs/xb/partial.cmo
	tools/ocaml/libs/xb/partial.cmx
	tools/ocaml/libs/xb/xb.annot
	tools/ocaml/libs/xb/xb.cmi
	tools/ocaml/libs/xb/xb.cmo
	tools/ocaml/libs/xb/xb.cmx
	tools/ocaml/libs/xb/xenbus.a
	tools/ocaml/libs/xb/xenbus.cma
	tools/ocaml/libs/xb/xenbus.cmi
	tools/ocaml/libs/xb/xenbus.cmo
	tools/ocaml/libs/xb/xenbus.cmx
	tools/ocaml/libs/xb/xenbus.cmxa
	tools/ocaml/libs/xb/xs_ring.annot
	tools/ocaml/libs/xb/xs_ring.cmi
	tools/ocaml/libs/xb/xs_ring.cmo
	tools/ocaml/libs/xb/xs_ring.cmx
	tools/ocaml/libs/xc/.ocamldep.make
	tools/ocaml/libs/xc/META
	tools/ocaml/libs/xc/libxenctrl_stubs.a
	tools/ocaml/libs/xc/xenctrl.a
	tools/ocaml/libs/xc/xenctrl.annot
	tools/ocaml/libs/xc/xenctrl.cma
	tools/ocaml/libs/xc/xenctrl.cmi
	tools/ocaml/libs/xc/xenctrl.cmo
	tools/ocaml/libs/xc/xenctrl.cmx
	tools/ocaml/libs/xc/xenctrl.cmxa
	tools/ocaml/libs/xentoollog/.ocamldep.make
	tools/ocaml/libs/xentoollog/META
	tools/ocaml/libs/xentoollog/_xtl_levels.inc
	tools/ocaml/libs/xentoollog/_xtl_levels.ml.in
	tools/ocaml/libs/xentoollog/_xtl_levels.mli.in
	tools/ocaml/libs/xentoollog/libxentoollog_stubs.a
	tools/ocaml/libs/xentoollog/xentoollog.a
	tools/ocaml/libs/xentoollog/xentoollog.annot
	tools/ocaml/libs/xentoollog/xentoollog.cma
	tools/ocaml/libs/xentoollog/xentoollog.cmi
	tools/ocaml/libs/xentoollog/xentoollog.cmo
	tools/ocaml/libs/xentoollog/xentoollog.cmx
	tools/ocaml/libs/xentoollog/xentoollog.cmxa
	tools/ocaml/libs/xentoollog/xentoollog.ml
	tools/ocaml/libs/xl/.ocamldep.make
	tools/ocaml/libs/xl/META
	tools/ocaml/libs/xl/_libxl_types.inc
	tools/ocaml/libs/xl/_libxl_types.ml.in
	tools/ocaml/libs/xl/_libxl_types.mli.in
	tools/ocaml/libs/xl/libxenlight_stubs.a
	tools/ocaml/libs/xl/xenlight.a
	tools/ocaml/libs/xl/xenlight.annot
	tools/ocaml/libs/xl/xenlight.cma
	tools/ocaml/libs/xl/xenlight.cmi
	tools/ocaml/libs/xl/xenlight.cmo
	tools/ocaml/libs/xl/xenlight.cmx
	tools/ocaml/libs/xl/xenlight.cmxa
	tools/ocaml/libs/xl/xenlight.ml
	tools/ocaml/libs/xs/.ocamldep.make
	tools/ocaml/libs/xs/META
	tools/ocaml/libs/xs/paths.annot
	tools/ocaml/libs/xs/paths.cmi
	tools/ocaml/libs/xs/paths.cmo
	tools/ocaml/libs/xs/paths.cmx
	tools/ocaml/libs/xs/paths.ml
	tools/ocaml/libs/xs/queueop.annot
	tools/ocaml/libs/xs/queueop.cmi
	tools/ocaml/libs/xs/queueop.cmo
	tools/ocaml/libs/xs/queueop.cmx
	tools/ocaml/libs/xs/xenstore.a
	tools/ocaml/libs/xs/xenstore.cma
	tools/ocaml/libs/xs/xenstore.cmi
	tools/ocaml/libs/xs/xenstore.cmo
	tools/ocaml/libs/xs/xenstore.cmx
	tools/ocaml/libs/xs/xenstore.cmxa
	tools/ocaml/libs/xs/xs.annot
	tools/ocaml/libs/xs/xs.cmi
	tools/ocaml/libs/xs/xs.cmo
	tools/ocaml/libs/xs/xs.cmx
	tools/ocaml/libs/xs/xsraw.annot
	tools/ocaml/libs/xs/xsraw.cmi
	tools/ocaml/libs/xs/xsraw.cmo
	tools/ocaml/libs/xs/xsraw.cmx
	tools/ocaml/libs/xs/xst.annot
	tools/ocaml/libs/xs/xst.cmi
	tools/ocaml/libs/xs/xst.cmo
	tools/ocaml/libs/xs/xst.cmx
	tools/ocaml/xenstored/config.annot
	tools/ocaml/xenstored/config.cmi
	tools/ocaml/xenstored/config.cmx
	tools/ocaml/xenstored/connection.annot
	tools/ocaml/xenstored/connection.cmi
	tools/ocaml/xenstored/connection.cmx
	tools/ocaml/xenstored/connections.annot
	tools/ocaml/xenstored/connections.cmi
	tools/ocaml/xenstored/connections.cmx
	tools/ocaml/xenstored/define.annot
	tools/ocaml/xenstored/define.cmi
	tools/ocaml/xenstored/define.cmx
	tools/ocaml/xenstored/disk.annot
	tools/ocaml/xenstored/disk.cmi
	tools/ocaml/xenstored/disk.cmx
	tools/ocaml/xenstored/domain.annot
	tools/ocaml/xenstored/domain.cmi
	tools/ocaml/xenstored/domain.cmx
	tools/ocaml/xenstored/domains.annot
	tools/ocaml/xenstored/domains.cmi
	tools/ocaml/xenstored/domains.cmx
	tools/ocaml/xenstored/event.annot
	tools/ocaml/xenstored/event.cmi
	tools/ocaml/xenstored/event.cmx
	tools/ocaml/xenstored/libselect_stubs.a
	tools/ocaml/xenstored/libsyslog_stubs.a
	tools/ocaml/xenstored/libsystemd_stubs.a
	tools/ocaml/xenstored/logging.annot
	tools/ocaml/xenstored/logging.cmi
	tools/ocaml/xenstored/logging.cmx
	tools/ocaml/xenstored/oxenstored
	tools/ocaml/xenstored/packet.annot
	tools/ocaml/xenstored/packet.cmi
	tools/ocaml/xenstored/packet.cmx
	tools/ocaml/xenstored/parse_arg.annot
	tools/ocaml/xenstored/parse_arg.cmi
	tools/ocaml/xenstored/parse_arg.cmx
	tools/ocaml/xenstored/paths.annot
	tools/ocaml/xenstored/paths.cmi
	tools/ocaml/xenstored/paths.cmx
	tools/ocaml/xenstored/paths.ml
	tools/ocaml/xenstored/perms.annot
	tools/ocaml/xenstored/perms.cmi
	tools/ocaml/xenstored/perms.cmx
	tools/ocaml/xenstored/process.annot
	tools/ocaml/xenstored/process.cmi
	tools/ocaml/xenstored/process.cmx
	tools/ocaml/xenstored/quota.annot
	tools/ocaml/xenstored/quota.cmi
	tools/ocaml/xenstored/quota.cmx
	tools/ocaml/xenstored/select.a
	tools/ocaml/xenstored/select.annot
	tools/ocaml/xenstored/select.cma
	tools/ocaml/xenstored/select.cmi
	tools/ocaml/xenstored/select.cmo
	tools/ocaml/xenstored/select.cmx
	tools/ocaml/xenstored/select.cmxa
	tools/ocaml/xenstored/stdext.annot
	tools/ocaml/xenstored/stdext.cmi
	tools/ocaml/xenstored/stdext.cmx
	tools/ocaml/xenstored/store.annot
	tools/ocaml/xenstored/store.cmi
	tools/ocaml/xenstored/store.cmx
	tools/ocaml/xenstored/symbol.annot
	tools/ocaml/xenstored/symbol.cmi
	tools/ocaml/xenstored/symbol.cmx
	tools/ocaml/xenstored/syslog.a
	tools/ocaml/xenstored/syslog.annot
	tools/ocaml/xenstored/syslog.cma
	tools/ocaml/xenstored/syslog.cmi
	tools/ocaml/xenstored/syslog.cmo
	tools/ocaml/xenstored/syslog.cmx
	tools/ocaml/xenstored/syslog.cmxa
	tools/ocaml/xenstored/systemd.a
	tools/ocaml/xenstored/systemd.annot
	tools/ocaml/xenstored/systemd.cma
	tools/ocaml/xenstored/systemd.cmi
	tools/ocaml/xenstored/systemd.cmo
	tools/ocaml/xenstored/systemd.cmx
	tools/ocaml/xenstored/systemd.cmxa
	tools/ocaml/xenstored/transaction.annot
	tools/ocaml/xenstored/transaction.cmi
	tools/ocaml/xenstored/transaction.cmx
	tools/ocaml/xenstored/trie.annot
	tools/ocaml/xenstored/trie.cmi
	tools/ocaml/xenstored/trie.cmx
	tools/ocaml/xenstored/utils.annot
	tools/ocaml/xenstored/utils.cmi
	tools/ocaml/xenstored/utils.cmx
	tools/ocaml/xenstored/xenstored.annot
	tools/ocaml/xenstored/xenstored.cmi
	tools/ocaml/xenstored/xenstored.cmx
	tools/pygrub/build/
	tools/python/build/
	tools/qemu-xen-dir/config-all-devices.mak
	tools/qemu-xen-dir/config-host.h
	tools/qemu-xen-dir/config-host.h-timestamp
	tools/qemu-xen-dir/i386-softmmu/config-devices.mak
	tools/qemu-xen-dir/i386-softmmu/hmp-commands.h
	tools/qemu-xen-dir/i386-softmmu/qemu-system-i386
	tools/qemu-xen-dir/i386-softmmu/qmp-commands-old.h
	tools/qemu-xen-dir/ivshmem-client
	tools/qemu-xen-dir/ivshmem-server
	tools/qemu-xen-dir/libqemustub.a
	tools/qemu-xen-dir/libqemuutil.a
	tools/qemu-xen-dir/pc-bios/optionrom/kvmvapic.bin
	tools/qemu-xen-dir/pc-bios/optionrom/kvmvapic.img
	tools/qemu-xen-dir/pc-bios/optionrom/kvmvapic.raw
	tools/qemu-xen-dir/pc-bios/optionrom/linuxboot.bin
	tools/qemu-xen-dir/pc-bios/optionrom/linuxboot.img
	tools/qemu-xen-dir/pc-bios/optionrom/linuxboot.raw
	tools/qemu-xen-dir/pc-bios/optionrom/linuxboot_dma.bin
	tools/qemu-xen-dir/pc-bios/optionrom/linuxboot_dma.img
	tools/qemu-xen-dir/pc-bios/optionrom/linuxboot_dma.raw
	tools/qemu-xen-dir/pc-bios/optionrom/multiboot.bin
	tools/qemu-xen-dir/pc-bios/optionrom/multiboot.img
	tools/qemu-xen-dir/pc-bios/optionrom/multiboot.raw
	tools/qemu-xen-dir/qapi-event.c
	tools/qemu-xen-dir/qapi-event.h
	tools/qemu-xen-dir/qapi-types.c
	tools/qemu-xen-dir/qapi-types.h
	tools/qemu-xen-dir/qapi-visit.c
	tools/qemu-xen-dir/qapi-visit.h
	tools/qemu-xen-dir/qemu-bridge-helper
	tools/qemu-xen-dir/qemu-img
	tools/qemu-xen-dir/qemu-img-cmds.h
	tools/qemu-xen-dir/qemu-io
	tools/qemu-xen-dir/qemu-nbd
	tools/qemu-xen-dir/qemu-options.def
	tools/qemu-xen-dir/qemu-version.h
	tools/qemu-xen-dir/qmp-commands.h
	tools/qemu-xen-dir/qmp-introspect.c
	tools/qemu-xen-dir/qmp-introspect.h
	tools/qemu-xen-dir/qmp-marshal.c
	tools/qemu-xen-dir/tests/qemu-iotests/socket_scm_helper
	tools/qemu-xen-dir/tests/test-qapi-event.h
	tools/qemu-xen-dir/tests/test-qapi-types.h
	tools/qemu-xen-dir/tests/test-qapi-visit.h
	tools/qemu-xen-dir/tests/test-qmp-commands.h
	tools/qemu-xen-dir/tests/test-qmp-introspect.h
	tools/qemu-xen-traditional-dir/i386-dm/libqemu.a
	tools/qemu-xen-traditional-dir/i386-dm/qemu-dm
	tools/qemu-xen-traditional-dir/libqemu_common.a
	tools/qemu-xen-traditional-dir/qemu-img-xen
	tools/qemu-xen-traditional-dir/qemu-nbd-xen
	tools/xcutils/lsevtchn
	tools/xcutils/readnotes
	tools/xenmon/xenbaked
	tools/xenmon/xentrace_setmask
	tools/xenpaging/xenpaging
	tools/xenpmd/xenpmd
	tools/xenstat/libxenstat/src/_paths.h
	tools/xenstat/libxenstat/src/libxenstat.a
	tools/xenstat/libxenstat/src/libxenstat.so.0
	tools/xenstat/libxenstat/src/libxenstat.so.0.0
	tools/xenstat/xentop/xentop
	tools/xenstore/libxenstore.a
	tools/xenstore/libxenstore.so.3.0
	tools/xenstore/libxenstore.so.3.0.3
	tools/xenstore/xenstore
	tools/xenstore/xenstore-chmod
	tools/xenstore/xenstore-control
	tools/xenstore/xenstore-exists
	tools/xenstore/xenstore-list
	tools/xenstore/xenstore-ls
	tools/xenstore/xenstore-read
	tools/xenstore/xenstore-rm
	tools/xenstore/xenstore-watch
	tools/xenstore/xenstore-write
	tools/xenstore/xenstored
	tools/xenstore/xs.opic
	tools/xenstore/xs_lib.opic
	tools/xenstore/xs_tdb_dump
	tools/xentrace/xenalyze
	tools/xentrace/xenctx
	tools/xentrace/xentrace
	tools/xentrace/xentrace_setsize
	toto.toto

